Removed Pin From Net: NetName=INA_LEFT Pin=JP1-1
Removed Pin From Net: NetName=INTB_LEFT Pin=JP1-2
Removed Pin From Net: NetName=INA_RIGHT Pin=JP1-3
Removed Pin From Net: NetName=INB_RIGHT Pin=JP1-4
Removed Pin From Net: NetName=NRF_IRQ Pin=JP1-5
Removed Pin From Net: NetName=SPI1_MISO Pin=JP1-6
Removed Pin From Net: NetName=SPI1_MOSI Pin=JP1-7
Removed Pin From Net: NetName=SPI1_SCK Pin=JP1-8
Removed Pin From Net: NetName=SPI1_CSN Pin=JP1-9
Removed Pin From Net: NetName=NRF_CE Pin=JP1-10
Removed Pin From Net: NetName=3V3 Pin=JP1-12
Removed Pin From Net: NetName=LED1 Pin=JP1-15
Added Pin To Net: NetName=SPI1_MISO Pin=JP1-1
Added Pin To Net: NetName=NRF_IRQ Pin=JP1-2
Added Pin To Net: NetName=SPI1_SCK Pin=JP1-3
Added Pin To Net: NetName=SPI1_MOSI Pin=JP1-4
Added Pin To Net: NetName=NRF_CE Pin=JP1-5
Added Pin To Net: NetName=SPI1_CSN Pin=JP1-6
Added Pin To Net: NetName=LED1 Pin=JP1-7
Added Pin To Net: NetName=INB_RIGHT Pin=JP1-8
Added Pin To Net: NetName=3V3 Pin=JP1-9
Added Pin To Net: NetName=INA_RIGHT Pin=JP1-10
Added Pin To Net: NetName=INTB_LEFT Pin=JP1-12
Added Pin To Net: NetName=INA_LEFT Pin=JP1-15
Added Room: Name=XeCanBang
