Removed Pin From Net: NetName=ADC_SOLAR Pin=R4-1
Removed Pin From Net: NetName=12V Pin=R4-2
Removed Pin From Net: NetName=GND Pin=R5-1
Removed Pin From Net: NetName=ADC_SOLAR Pin=R5-2
Removed Pin From Net: NetName=NetLED2_1 Pin=R6-1
Removed Pin From Net: NetName=LED1 Pin=R6-2
Removed Pin From Net: NetName=NetLED3_1 Pin=R8-1
Removed Pin From Net: NetName=LED2 Pin=R8-2
Removed Pin From Net: NetName=NetLED4_1 Pin=R9-1
Removed Pin From Net: NetName=LED3 Pin=R9-2
Removed Member From Class: ClassName=XeCanBang Member=R4
Removed Member From Class: ClassName=XeCanBang Member=R5
Removed Member From Class: ClassName=XeCanBang Member=R6
Removed Member From Class: ClassName=XeCanBang Member=R8
Removed Member From Class: ClassName=XeCanBang Member=R9
Added Component: Designator=R?(R1/4W)
Add component. Clean all parameters for all variants
Add component (AddParameter): Name = "Value"; Value = "R1/4W - 1K"; VariantName = "[No Variations]"
Added Component: Designator=R?(R1/4W)
Add component. Clean all parameters for all variants
Add component (AddParameter): Name = "Value"; Value = "R1/4W - 1K"; VariantName = "[No Variations]"
Added Component: Designator=R?(R1/4W)
Add component. Clean all parameters for all variants
Add component (AddParameter): Name = "Value"; Value = "R1/4W - 1K"; VariantName = "[No Variations]"
Added Component: Designator=R?(R1/4W)
Add component. Clean all parameters for all variants
Add component (AddParameter): Name = "Value"; Value = "R1/4W - 1K"; VariantName = "[No Variations]"
Added Component: Designator=R?(R1/4W)
Add component. Clean all parameters for all variants
Add component (AddParameter): Name = "Value"; Value = "R1/4W - 1K"; VariantName = "[No Variations]"
Added Pin To Net: NetName=ADC_SOLAR Pin=R?-1
Added Pin To Net: NetName=GND Pin=R?-1
Added Pin To Net: NetName=NetLED2_1 Pin=R?-1
Added Pin To Net: NetName=NetLED3_1 Pin=R?-1
Added Pin To Net: NetName=NetLED4_1 Pin=R?-1
Added Pin To Net: NetName=12V Pin=R?-2
Added Pin To Net: NetName=ADC_SOLAR Pin=R?-2
Added Pin To Net: NetName=LED1 Pin=R?-2
Added Pin To Net: NetName=LED2 Pin=R?-2
Added Member To Class: ClassName=XeCanBang Member=Component R? 1K
Added Member To Class: ClassName=XeCanBang Member=Component R? 1K
Added Member To Class: ClassName=XeCanBang Member=Component R? 1K
Added Member To Class: ClassName=XeCanBang Member=Component R? 2K
Added Member To Class: ClassName=XeCanBang Member=Component R? 10K
Added Room: Name=XeCanBang
