Added Component: Designator=C4(CAPNTO2.54-3.05x1.78A)
Add component. Clean all parameters for all variants
Add component (AddParameter): Name = "ComponentLink1Description"; Value = "Datasheet"; VariantName = "[No Variations]"
Add component (AddParameter): Name = "ComponentLink1URL"; Value = "D:\Dropbox\Datasheets\Passive Components\Capacitors\AVX Disc Ceramic Capacitors.pdf"; VariantName = "[No Variations]"
Add component (AddParameter): Name = "Unit Price"; Value = "0.003"; VariantName = "[No Variations]"
Add component (AddParameter): Name = "Value"; Value = "100nF"; VariantName = "[No Variations]"
Added Component: Designator=C5(CAPNTO2.54-3.05x1.78A)
Add component. Clean all parameters for all variants
Add component (AddParameter): Name = "ComponentLink1Description"; Value = "Datasheet"; VariantName = "[No Variations]"
Add component (AddParameter): Name = "ComponentLink1URL"; Value = "D:\Dropbox\Datasheets\Passive Components\Capacitors\AVX Disc Ceramic Capacitors.pdf"; VariantName = "[No Variations]"
Add component (AddParameter): Name = "Unit Price"; Value = "0.003"; VariantName = "[No Variations]"
Add component (AddParameter): Name = "Value"; Value = "100nF"; VariantName = "[No Variations]"
Added Pin To Net: NetName=NetC5_2 Pin=C4-1
Added Pin To Net: NetName=NetC5_1 Pin=C4-2
Added Pin To Net: NetName=NetC4_2 Pin=C5-1
Added Pin To Net: NetName=NetC4_1 Pin=C5-2
Change Net Name : Old Net Name=NetC4_1 New Net Name=NetC5_2
Change Net Name : Old Net Name=NetC4_2 New Net Name=NetC5_1
Change Net Name : Old Net Name=NetC5_1 New Net Name=NetC4_2
Change Net Name : Old Net Name=NetC5_2 New Net Name=NetC4_1
Added Member To Class: ClassName=XeCanBang Member=Component C4 5AK220KABAA
Added Member To Class: ClassName=XeCanBang Member=Component C5 5AK220KABAA
